# JRE version: Java(TM) SE Runtime Environment 18.9 (11.0.11+9) (build 11.0.11+9-LTS-194)
# Java VM: Java HotSpot(TM) 64-Bit Server VM 18.9 (11.0.11+9-LTS-194, mixed mode, tiered, compressed oops, parallel gc, windows-amd64)
Heap:
 PSYoungGen      total 22016K, used 23K [0x00000000eab00000, 0x00000000eca80000, 0x0000000100000000)
  eden space 21504K, 0% used [0x00000000eab00000,0x00000000eab05d98,0x00000000ec000000)
  from space 512K, 0% used [0x00000000ec000000,0x00000000ec000000,0x00000000ec080000)
  to   space 3584K, 0% used [0x00000000ec700000,0x00000000ec700000,0x00000000eca80000)
 ParOldGen       total 68608K, used 24426K [0x00000000c0000000, 0x00000000c4300000, 0x00000000eab00000)
  object space 68608K, 35% used [0x00000000c0000000,0x00000000c17daa90,0x00000000c4300000)
 Metaspace       used 33376K, capacity 35285K, committed 35328K, reserved 1081344K
  class space    used 3191K, capacity 3828K, committed 3840K, reserved 1048576K
GC Heap History (10 events):
Event: 24.058 GC heap before
{Heap before GC invocations=9 (full 1):
 PSYoungGen      total 30720K, used 30701K [0x00000000eab00000, 0x00000000ed480000, 0x0000000100000000)
  eden space 24064K, 100% used [0x00000000eab00000,0x00000000ec280000,0x00000000ec280000)
  from space 6656K, 99% used [0x00000000ec380000,0x00000000ec9fb7a8,0x00000000eca00000)
  to   space 9216K, 0% used [0x00000000ecb80000,0x00000000ecb80000,0x00000000ed480000)
 ParOldGen       total 68608K, used 10804K [0x00000000c0000000, 0x00000000c4300000, 0x00000000eab00000)
  object space 68608K, 15% used [0x00000000c0000000,0x00000000c0a8d060,0x00000000c4300000)
 Metaspace       used 31452K, capacity 33305K, committed 33408K, reserved 1079296K
  class space    used 3042K, capacity 3659K, committed 3712K, reserved 1048576K
}
Event: 24.093 GC heap after
{Heap after GC invocations=9 (full 1):
 PSYoungGen      total 30720K, used 6880K [0x00000000eab00000, 0x00000000ed280000, 0x0000000100000000)
  eden space 23552K, 0% used [0x00000000eab00000,0x00000000eab00000,0x00000000ec200000)
  from space 7168K, 95% used [0x00000000ecb80000,0x00000000ed238020,0x00000000ed280000)
  to   space 7680K, 0% used [0x00000000ec380000,0x00000000ec380000,0x00000000ecb00000)
 ParOldGen       total 68608K, used 12767K [0x00000000c0000000, 0x00000000c4300000, 0x00000000eab00000)
  object space 68608K, 18% used [0x00000000c0000000,0x00000000c0c77ca8,0x00000000c4300000)
 Metaspace       used 31452K, capacity 33305K, committed 33408K, reserved 1079296K
  class space    used 3042K, capacity 3659K, committed 3712K, reserved 1048576K
}
Event: 24.290 GC heap before
{Heap before GC invocations=10 (full 1):
 PSYoungGen      total 30720K, used 30432K [0x00000000eab00000, 0x00000000ed280000, 0x0000000100000000)
  eden space 23552K, 100% used [0x00000000eab00000,0x00000000ec200000,0x00000000ec200000)
  from space 7168K, 95% used [0x00000000ecb80000,0x00000000ed238020,0x00000000ed280000)
  to   space 7680K, 0% used [0x00000000ec380000,0x00000000ec380000,0x00000000ecb00000)
 ParOldGen       total 68608K, used 12767K [0x00000000c0000000, 0x00000000c4300000, 0x00000000eab00000)
  object space 68608K, 18% used [0x00000000c0000000,0x00000000c0c77ca8,0x00000000c4300000)
 Metaspace       used 31452K, capacity 33305K, committed 33408K, reserved 1079296K
  class space    used 3042K, capacity 3659K, committed 3712K, reserved 1048576K
}
Event: 24.312 GC heap after
{Heap after GC invocations=10 (full 1):
 PSYoungGen      total 29696K, used 6368K [0x00000000eab00000, 0x00000000ece80000, 0x0000000100000000)
  eden space 23040K, 0% used [0x00000000eab00000,0x00000000eab00000,0x00000000ec180000)
  from space 6656K, 95% used [0x00000000ec380000,0x00000000ec9b8020,0x00000000eca00000)
  to   space 4608K, 0% used [0x00000000eca00000,0x00000000eca00000,0x00000000ece80000)
 ParOldGen       total 68608K, used 15434K [0x00000000c0000000, 0x00000000c4300000, 0x00000000eab00000)
  object space 68608K, 22% used [0x00000000c0000000,0x00000000c0f12b40,0x00000000c4300000)
 Metaspace       used 31452K, capacity 33305K, committed 33408K, reserved 1079296K
  class space    used 3042K, capacity 3659K, committed 3712K, reserved 1048576K
}
Event: 25.230 GC heap before
{Heap before GC invocations=11 (full 1):
 PSYoungGen      total 29696K, used 29399K [0x00000000eab00000, 0x00000000ece80000, 0x0000000100000000)
  eden space 23040K, 99% used [0x00000000eab00000,0x00000000ec17de70,0x00000000ec180000)
  from space 6656K, 95% used [0x00000000ec380000,0x00000000ec9b8020,0x00000000eca00000)
  to   space 4608K, 0% used [0x00000000eca00000,0x00000000eca00000,0x00000000ece80000)
 ParOldGen       total 68608K, used 15434K [0x00000000c0000000, 0x00000000c4300000, 0x00000000eab00000)
  object space 68608K, 22% used [0x00000000c0000000,0x00000000c0f12b40,0x00000000c4300000)
 Metaspace       used 32375K, capacity 34293K, committed 34560K, reserved 1079296K
  class space    used 3101K, capacity 3732K, committed 3840K, reserved 1048576K
}
Event: 25.255 GC heap after
{Heap after GC invocations=11 (full 1):
 PSYoungGen      total 26112K, used 4606K [0x00000000eab00000, 0x00000000ed500000, 0x0000000100000000)
  eden space 21504K, 0% used [0x00000000eab00000,0x00000000eab00000,0x00000000ec000000)
  from space 4608K, 99% used [0x00000000eca00000,0x00000000ece7f988,0x00000000ece80000)
  to   space 10240K, 0% used [0x00000000ec000000,0x00000000ec000000,0x00000000eca00000)
 ParOldGen       total 68608K, used 20111K [0x00000000c0000000, 0x00000000c4300000, 0x00000000eab00000)
  object space 68608K, 29% used [0x00000000c0000000,0x00000000c13a3eb8,0x00000000c4300000)
 Metaspace       used 32375K, capacity 34293K, committed 34560K, reserved 1079296K
  class space    used 3101K, capacity 3732K, committed 3840K, reserved 1048576K
}
Event: 25.397 GC heap before
{Heap before GC invocations=12 (full 1):
 PSYoungGen      total 26112K, used 6776K [0x00000000eab00000, 0x00000000ed500000, 0x0000000100000000)
  eden space 21504K, 10% used [0x00000000eab00000,0x00000000ead1e990,0x00000000ec000000)
  from space 4608K, 99% used [0x00000000eca00000,0x00000000ece7f988,0x00000000ece80000)
  to   space 10240K, 0% used [0x00000000ec000000,0x00000000ec000000,0x00000000eca00000)
 ParOldGen       total 68608K, used 20111K [0x00000000c0000000, 0x00000000c4300000, 0x00000000eab00000)
  object space 68608K, 29% used [0x00000000c0000000,0x00000000c13a3eb8,0x00000000c4300000)
 Metaspace       used 33376K, capacity 35285K, committed 35328K, reserved 1081344K
  class space    used 3191K, capacity 3828K, committed 3840K, reserved 1048576K
}
Event: 25.415 GC heap after
{Heap after GC invocations=12 (full 1):
 PSYoungGen      total 22016K, used 224K [0x00000000eab00000, 0x00000000eca80000, 0x0000000100000000)
  eden space 21504K, 0% used [0x00000000eab00000,0x00000000eab00000,0x00000000ec000000)
  from space 512K, 43% used [0x00000000ec000000,0x00000000ec038000,0x00000000ec080000)
  to   space 3584K, 0% used [0x00000000ec700000,0x00000000ec700000,0x00000000eca80000)
 ParOldGen       total 68608K, used 24702K [0x00000000c0000000, 0x00000000c4300000, 0x00000000eab00000)
  object space 68608K, 36% used [0x00000000c0000000,0x00000000c181fb08,0x00000000c4300000)
 Metaspace       used 33376K, capacity 35285K, committed 35328K, reserved 1081344K
  class space    used 3191K, capacity 3828K, committed 3840K, reserved 1048576K
}
Event: 25.415 GC heap before
{Heap before GC invocations=13 (full 2):
 PSYoungGen      total 22016K, used 224K [0x00000000eab00000, 0x00000000eca80000, 0x0000000100000000)
  eden space 21504K, 0% used [0x00000000eab00000,0x00000000eab00000,0x00000000ec000000)
  from space 512K, 43% used [0x00000000ec000000,0x00000000ec038000,0x00000000ec080000)
  to   space 3584K, 0% used [0x00000000ec700000,0x00000000ec700000,0x00000000eca80000)
 ParOldGen       total 68608K, used 24702K [0x00000000c0000000, 0x00000000c4300000, 0x00000000eab00000)
  object space 68608K, 36% used [0x00000000c0000000,0x00000000c181fb08,0x00000000c4300000)
 Metaspace       used 33376K, capacity 35285K, committed 35328K, reserved 1081344K
  class space    used 3191K, capacity 3828K, committed 3840K, reserved 1048576K
}
Event: 26.096 GC heap after
{Heap after GC invocations=13 (full 2):
 PSYoungGen      total 22016K, used 0K [0x00000000eab00000, 0x00000000eca80000, 0x0000000100000000)
  eden space 21504K, 0% used [0x00000000eab00000,0x00000000eab00000,0x00000000ec000000)
  from space 512K, 0% used [0x00000000ec000000,0x00000000ec000000,0x00000000ec080000)
  to   space 3584K, 0% used [0x00000000ec700000,0x00000000ec700000,0x00000000eca80000)
 ParOldGen       total 68608K, used 24426K [0x00000000c0000000, 0x00000000c4300000, 0x00000000eab00000)
  object space 68608K, 35% used [0x00000000c0000000,0x00000000c17daa90,0x00000000c4300000)
 Metaspace       used 33376K, capacity 35285K, committed 35328K, reserved 1081344K
  class space    used 3191K, capacity 3828K, committed 3840K, reserved 1048576K
}

